./tests/run_tests.sh
[SKIP] test_func.c: EXPECT コメントなし
[PASS] test1.c (数値・四則演算) => 0
[PASS] test2.c (数値・四則演算) => 42
[PASS] test3.c (数値・四則演算) => 42
[PASS] test4.c (数値・四則演算) => 47
[PASS] test5.c (数値・四則演算) => 15
[PASS] test6.c (数値・四則演算) => 4
[PASS] test7.c (数値・四則演算) => 4
[PASS] test8.c (数値・四則演算) => 32
[PASS] test9.c (比較演算子) => 0
[PASS] test10.c (比較演算子) => 1
[PASS] test11.c (比較演算子) => 14
[PASS] test12.c (比較演算子) => 1
[PASS] test13.c (比較演算子) => 0
[PASS] test14.c (比較演算子) => 0
[PASS] test15.c (比較演算子) => 1
[PASS] test16.c (比較演算子) => 0
[PASS] test17.c (複数文・ローカル変数) => 2
[PASS] test18.c (複数文・ローカル変数) => 11
[PASS] test19.c (複数文・ローカル変数) => 12
[PASS] test20.c (複数文・ローカル変数) => 10
[PASS] test21.c (複数文・ローカル変数) => 10
[PASS] test22.c (複数文・ローカル変数) => 23
[PASS] test23.c (複数文・ローカル変数) => 13
[PASS] test24.c (複数文・ローカル変数) => 14
[PASS] test25.c (return) => 19
[PASS] test26.c (if/else) => 11
[PASS] test27.c (while) => 3
[PASS] test28.c (for) => 8
[PASS] test29.c (for) => 40
[PASS] test30.c (for + if/else) => 40
[PASS] test31.c (関数呼び出し（外部関数）) => 33
[PASS] test32.c (関数呼び出し（外部関数）) => 5
[PASS] test33.c (関数呼び出し（外部関数）) => 10
[PASS] test34.c (関数呼び出し（外部関数）) => 38
[PASS] test35.c (関数呼び出し（外部関数）) => 15
[PASS] test36.c (関数呼び出し（外部関数）) => 36
[PASS] test37.c (関数定義) => 46
[PASS] test38.c (関数定義（複合テスト）) => 100
[PASS] test39.c (関数定義（複合テスト）) => 1
[PASS] test40.c (関数定義（複合テスト）) => 55
[PASS] test41.c (関数定義（引数を使用）) => 42
[PASS] test42.c (関数定義（引数を使用）) => 8
[PASS] test43.c (関数定義（引数を使用）) => 5
[PASS] test44.c (関数定義（引数を使用）) => 15
[PASS] test45.c (関数定義（引数を使用）) => 20
[PASS] test46.c (関数定義（引数を使用）) => 55
[PASS] test47.c (単項演算子（&, *）) => 3
[PASS] test48.c (単項演算子（&, *）) => 20
[PASS] test49.c (単項演算子（&, *）) => 30
[PASS] test50.c (単項演算子（&, *）) => 5
[PASS] test51.c (単項演算子（&, *）) => 3
[PASS] test52.c (単項演算子（&, *）) => 77
[PASS] test53.c (単項演算子（&, *）) => 4
[PASS] test54.c (ポインタ型変数) => 3
[PASS] test55.c (ポインタ型変数) => 42
[PASS] test56.c (ポインタ型変数) => 99
[PASS] test57.c (ポインタ型変数) => 7
[PASS] test58.c (ポインタ型変数) => 5
[PASS] test59.c (ポインタ型変数) => 88
[PASS] test60.c (ポインタ型変数) => 30
[PASS] test61.c (ポインタ型変数) => 15
[PASS] test62.c (ポインタ型変数（初期化なし宣言）) => 0
[PASS] test63.c (ポインタ型変数（初期化なし宣言）) => 0
[PASS] test64.c (ポインタ型変数（初期化なし宣言）) => 5
[PASS] test65.c (ポインタ型変数（初期化なし宣言）) => 3
[PASS] test66.c (ポインタ型変数（初期化なし宣言）) => 10
[PASS] test67.c (関数引数にポインタ型) => 42
[PASS] test68.c (関数引数にポインタ型) => 99
[PASS] test69.c (関数引数にポインタ型) => 30
[PASS] test70.c (関数引数にポインタ型) => 5
[PASS] test71.c (関数引数にポインタ型) => 3
[PASS] test72.c (sizeof(ポインタ型)) => 8
[PASS] test73.c (sizeof(ポインタ型)) => 8
[PASS] test74.c (sizeof(ポインタ型)) => 4
[PASS] test75.c (sizeof(ポインタ型)) => 4
[PASS] test76.c (sizeof(ポインタ型)) => 4
[PASS] test77.c (sizeof(ポインタ型)) => 8
[PASS] test78.c (sizeof(ポインタ型)) => 1
[PASS] test79.c (char型変数) => 5
[PASS] test80.c (char型変数) => 10
[PASS] test81.c (char型変数) => 4
[PASS] test82.c (char型変数) => 6
[PASS] test83.c (char型変数) => 5
[PASS] test84.c (char型変数) => 30
[PASS] test85.c (char型変数) => 200
[PASS] test86.c (char型変数) => 99
[PASS] test87.c (char型変数) => 3
[PASS] test88.c (char型変数) => 20
[PASS] test89.c (char型変数) => 10
[PASS] test90.c (char型変数) => 1
[PASS] test91.c (char型変数) => 1
[PASS] test92.c (char型ポインタ) => 7
[PASS] test93.c (char型ポインタ) => 50
[PASS] test94.c (char型ポインタ) => 33
[PASS] test95.c (sizeof(char関連)) => 1
[PASS] test96.c (sizeof(char関連)) => 1
[PASS] test97.c (sizeof(char関連)) => 8
make: *** [Makefile:11: test] Interrupt
./tests/run_tests.sh
[SKIP] test_func.c: EXPECT コメントなし
[PASS] test1.c (数値・四則演算) => 0
[PASS] test2.c (数値・四則演算) => 42
[PASS] test3.c (数値・四則演算) => 42
[PASS] test4.c (数値・四則演算) => 47
[PASS] test5.c (数値・四則演算) => 15
[PASS] test6.c (数値・四則演算) => 4
[PASS] test7.c (数値・四則演算) => 4
[PASS] test8.c (数値・四則演算) => 32
[PASS] test9.c (比較演算子) => 0
[PASS] test10.c (比較演算子) => 1
[PASS] test11.c (比較演算子) => 14
[PASS] test12.c (比較演算子) => 1
[PASS] test13.c (比較演算子) => 0
[PASS] test14.c (比較演算子) => 0
[PASS] test15.c (比較演算子) => 1
[PASS] test16.c (比較演算子) => 0
[PASS] test17.c (複数文・ローカル変数) => 2
[PASS] test18.c (複数文・ローカル変数) => 11
[PASS] test19.c (複数文・ローカル変数) => 12
[PASS] test20.c (複数文・ローカル変数) => 10
[PASS] test21.c (複数文・ローカル変数) => 10
[PASS] test22.c (複数文・ローカル変数) => 23
[PASS] test23.c (複数文・ローカル変数) => 13
[PASS] test24.c (複数文・ローカル変数) => 14
[PASS] test25.c (return) => 19
[PASS] test26.c (if/else) => 11
[PASS] test27.c (while) => 3
[PASS] test28.c (for) => 8
[PASS] test29.c (for) => 40
[PASS] test30.c (for + if/else) => 40
[PASS] test31.c (関数呼び出し（外部関数）) => 33
[PASS] test32.c (関数呼び出し（外部関数）) => 5
[PASS] test33.c (関数呼び出し（外部関数）) => 10
[PASS] test34.c (関数呼び出し（外部関数）) => 38
[PASS] test35.c (関数呼び出し（外部関数）) => 15
[PASS] test36.c (関数呼び出し（外部関数）) => 36
[PASS] test37.c (関数定義) => 46
[PASS] test38.c (関数定義（複合テスト）) => 100
[PASS] test39.c (関数定義（複合テスト）) => 1
[PASS] test40.c (関数定義（複合テスト）) => 55
[PASS] test41.c (関数定義（引数を使用）) => 42
[PASS] test42.c (関数定義（引数を使用）) => 8
[PASS] test43.c (関数定義（引数を使用）) => 5
[PASS] test44.c (関数定義（引数を使用）) => 15
[PASS] test45.c (関数定義（引数を使用）) => 20
[PASS] test46.c (関数定義（引数を使用）) => 55
[PASS] test47.c (単項演算子（&, *）) => 3
[PASS] test48.c (単項演算子（&, *）) => 20
[PASS] test49.c (単項演算子（&, *）) => 30
[PASS] test50.c (単項演算子（&, *）) => 5
[PASS] test51.c (単項演算子（&, *）) => 3
[PASS] test52.c (単項演算子（&, *）) => 77
[PASS] test53.c (単項演算子（&, *）) => 4
[PASS] test54.c (ポインタ型変数) => 3
[PASS] test55.c (ポインタ型変数) => 42
[PASS] test56.c (ポインタ型変数) => 99
[PASS] test57.c (ポインタ型変数) => 7
[PASS] test58.c (ポインタ型変数) => 5
[PASS] test59.c (ポインタ型変数) => 88
[PASS] test60.c (ポインタ型変数) => 30
[PASS] test61.c (ポインタ型変数) => 15
[PASS] test62.c (ポインタ型変数（初期化なし宣言）) => 0
[PASS] test63.c (ポインタ型変数（初期化なし宣言）) => 0
[PASS] test64.c (ポインタ型変数（初期化なし宣言）) => 5
[PASS] test65.c (ポインタ型変数（初期化なし宣言）) => 3
[PASS] test66.c (ポインタ型変数（初期化なし宣言）) => 10
[PASS] test67.c (関数引数にポインタ型) => 42
[PASS] test68.c (関数引数にポインタ型) => 99
[PASS] test69.c (関数引数にポインタ型) => 30
[PASS] test70.c (関数引数にポインタ型) => 5
[PASS] test71.c (関数引数にポインタ型) => 3
[PASS] test72.c (sizeof(ポインタ型)) => 8
[PASS] test73.c (sizeof(ポインタ型)) => 8
[PASS] test74.c (sizeof(ポインタ型)) => 4
[PASS] test75.c (sizeof(ポインタ型)) => 4
[PASS] test76.c (sizeof(ポインタ型)) => 4
[PASS] test77.c (sizeof(ポインタ型)) => 8
[PASS] test78.c (sizeof(ポインタ型)) => 1
[PASS] test79.c (char型変数) => 5
[PASS] test80.c (char型変数) => 10
[PASS] test81.c (char型変数) => 4
[PASS] test82.c (char型変数) => 6
[PASS] test83.c (char型変数) => 5
[PASS] test84.c (char型変数) => 30
[PASS] test85.c (char型変数) => 200
[PASS] test86.c (char型変数) => 99
[PASS] test87.c (char型変数) => 3
[PASS] test88.c (char型変数) => 20
[PASS] test89.c (char型変数) => 10
[PASS] test90.c (char型変数) => 1
[PASS] test91.c (char型変数) => 1
[PASS] test92.c (char型ポインタ) => 7
[PASS] test93.c (char型ポインタ) => 50
[PASS] test94.c (char型ポインタ) => 33
[PASS] test95.c (sizeof(char関連)) => 1
[PASS] test96.c (sizeof(char関連)) => 1
[PASS] test97.c (sizeof(char関連)) => 8
[PASS] test98.c (sizeof(char関連)) => 8
[PASS] test99.c (int/char/ptr サイズの混在確認) => 1
[PASS] test100.c (int/char/ptr サイズの混在確認) => 55
[PASS] test101.c (int/char/ptr サイズの混在確認) => 15
[PASS] test102.c (配列の定義) => 0
[PASS] test103.c (配列の定義) => 0
[PASS] test104.c (配列の定義) => 5
[PASS] test105.c (配列の定義) => 10
[PASS] test106.c (配列の定義) => 5
[PASS] test107.c (配列の定義) => 0
[PASS] test108.c (配列の定義) => 42
[PASS] test109.c (配列の定義) => 0
[PASS] test110.c (配列の定義) => 7
[PASS] test111.c (配列の定義) => 1
[PASS] test112.c (配列の定義) => 1
[PASS] test113.c (配列の定義) => 10
[PASS] test114.c (配列の定義) => 1
[PASS] test115.c (配列の定義) => 10
[PASS] test116.c (配列の定義) => 30
[PASS] test117.c (配列の定義) => 77
[PASS] test118.c (配列の定義) => 55
[PASS] test119.c (配列からポインタへの暗黙変換) => 3
[PASS] test120.c (配列からポインタへの暗黙変換) => 60
[PASS] test121.c (配列からポインタへの暗黙変換) => 1
[PASS] test122.c (配列からポインタへの暗黙変換) => 176
[PASS] test123.c (配列からポインタへの暗黙変換) => 6
[PASS] test124.c (配列からポインタへの暗黙変換) => 10
[PASS] test125.c (配列からポインタへの暗黙変換) => 10
[PASS] test126.c (配列からポインタへの暗黙変換) => 15
[PASS] test127.c (配列からポインタへの暗黙変換) => 99
[PASS] test128.c (配列からポインタへの暗黙変換) => 30
[PASS] test129.c (配列からポインタへの暗黙変換) => 42
[PASS] test130.c (配列からポインタへの暗黙変換) => 20
[PASS] test131.c (配列からポインタへの暗黙変換) => 1
[PASS] test132.c (配列からポインタへの暗黙変換) => 3
[PASS] test133.c (配列からポインタへの暗黙変換) => 2
[PASS] test134.c (グローバル変数) => 1
[PASS] test135.c (グローバル変数) => 42
[PASS] test136.c (グローバル変数) => 0
[PASS] test137.c (グローバル変数) => 30
[PASS] test138.c (グローバル変数) => 6
[PASS] test139.c (グローバル変数) => 99
[PASS] test140.c (グローバル変数) => 10
[PASS] test141.c (グローバル変数) => 1
[PASS] test142.c (グローバル変数) => 5
[PASS] test143.c (グローバル変数) => 30
[PASS] test144.c (グローバル変数) => 10
[PASS] test145.c (グローバル変数) => 42
[PASS] test146.c (グローバル変数) => 100
[PASS] test147.c (グローバル変数) => 15
[PASS] test148.c (グローバル変数) => 7
[PASS] test149.c (グローバル変数) => 25
[PASS] test150.c (グローバル変数) => 5
[PASS] test151.c (グローバル変数) => 15
[PASS] test152.c (グローバル変数) => 50
[PASS] test153.c (グローバル変数（複合テスト）) => 4
[PASS] test154.c (グローバル変数（複合テスト）) => 1
[PASS] test155.c (グローバル変数（複合テスト）) => 8
[PASS] test156.c (グローバル変数（複合テスト）) => 1
[PASS] test157.c (グローバル変数（複合テスト）) => 42
[PASS] test158.c (グローバル変数（複合テスト）) => 99
[PASS] test159.c (グローバル変数（複合テスト）) => 77
[PASS] test160.c (グローバル変数（複合テスト）) => 55
[PASS] test161.c (グローバル変数（複合テスト）) => 50
[PASS] test162.c (グローバル変数（複合テスト）) => 20
[PASS] test163.c (グローバル変数（複合テスト）) => 1
[PASS] test164.c (グローバル変数（複合テスト）) => 10
[PASS] test165.c (グローバル変数（複合テスト）) => 88
[PASS] test166.c (グローバル変数（複合テスト）) => 33
[PASS] test167.c (グローバル変数（複合テスト）) => 77
[PASS] test168.c (グローバル変数（複合テスト）) => 30
[PASS] test169.c (グローバル変数（複合テスト）) => 40
[PASS] test170.c (グローバル変数（複合テスト）) => 30
[PASS] test171.c (グローバル変数（複合テスト）) => 10
[PASS] test172.c (グローバル変数（複合テスト）) => 60
[PASS] test173.c (グローバル変数（複合テスト）) => 100
[PASS] test174.c (ポインタ型グローバル変数) => 0
[PASS] test175.c (ポインタ型グローバル変数) => 42
[PASS] test176.c (ポインタ型グローバル変数) => 99
[PASS] test177.c (ポインタ型グローバル変数) => 77
[PASS] test178.c (ポインタ型グローバル変数) => 10
[PASS] test179.c (ポインタ型グローバル変数) => 55
[PASS] test180.c (ポインタ型グローバル変数) => 3
[PASS] test181.c (ポインタ型グローバル変数) => 25
[PASS] test182.c (ポインタ型グローバル変数) => 8
[PASS] test183.c (ポインタ型グローバル変数) => 20
[PASS] test184.c (ポインタ型グローバル変数) => 30
[PASS] test185.c (ポインタ型返り値の関数) => 42
[PASS] test186.c (ポインタ型返り値の関数) => 99
[PASS] test187.c (ポインタ型返り値の関数) => 7
[PASS] test188.c (ポインタ型返り値の関数) => 10
[PASS] test189.c (ポインタ型返り値の関数) => 20
[PASS] test190.c (ポインタ型返り値の関数) => 5
[PASS] test191.c (ポインタ型返り値の関数) => 30
[PASS] test192.c (ポインタ型返り値の関数) => 77
[PASS] test193.c (ポインタ型返り値の関数) => 55
[PASS] test194.c (ポインタ型返り値の関数) => 15
[PASS] test195.c (ポインタ型返り値の関数) => 1
[PASS] test196.c (ポインタ型返り値の関数) => 7
[PASS] test197.c (ポインタ型返り値の関数) => 0
[PASS] test198.c (ポインタ型返り値の関数) => 6
[PASS] test199.c (ポインタ型返り値の関数) => 99
[PASS] test200.c (ポインタ型返り値の関数) => 1
[PASS] test201.c (ポインタ型返り値の関数) => 10
[PASS] test202.c (ポインタ型返り値の関数) => 7
[PASS] test203.c (ポインタ型返り値の関数) => 6
[PASS] test204.c (ポインタ型返り値の関数) => 0
[PASS] test205.c (ポインタ型返り値の関数) => 5
[PASS] test206.c (文字定数) => 97
[PASS] test207.c (文字定数) => 65
[PASS] test208.c (文字定数) => 122
[PASS] test209.c (文字定数) => 48
[PASS] test210.c (文字定数) => 10
[PASS] test211.c (文字定数) => 9
[PASS] test212.c (文字定数) => 13
[PASS] test213.c (文字定数) => 0
[PASS] test214.c (文字定数) => 92
[PASS] test215.c (文字定数) => 39
[PASS] test216.c (文字定数) => 65
[PASS] test217.c (文字定数) => 97
[PASS] test218.c (文字定数) => 1
[PASS] test219.c (文字定数) => 25
[PASS] test220.c (文字定数) => 194
[PASS] test221.c (文字定数) => 1
[PASS] test222.c (文字定数) => 1
[PASS] test223.c (文字定数) => 0
[PASS] test224.c (文字定数) => 1
[PASS] test225.c (文字定数) => 1
[PASS] test226.c (文字定数) => 0
[PASS] test227.c (文字定数) => 97
[PASS] test228.c (文字定数) => 3
[PASS] test229.c (文字定数) => 5
[PASS] test230.c (文字列リテラル) => 0
[PASS] test231.c (文字列リテラル) => 104
[PASS] test232.c (文字列リテラル) => 104
[PASS] test233.c (文字列リテラル) => 101
[PASS] test234.c (文字列リテラル) => 111
[PASS] test235.c (文字列リテラル) => 104
[PASS] test236.c (文字列リテラル) => 101
[PASS] test237.c (文字列リテラル) => 120
[PASS] test238.c (文字列リテラル) => 97
[PASS] test239.c (文字列リテラル) => 1
[PASS] test240.c (文字列リテラル) => 1
[PASS] test241.c (文字列リテラル) => 104
[PASS] test242.c (文字列リテラル) => 119
[PASS] test243.c (文字列リテラル) => 111
[PASS] test244.c (文字列リテラル) => 0
[PASS] test245.c (文字列リテラル) => 5
[PASS] test246.c (文字列リテラル) => 5
[PASS] test247.c (論理否定演算子 !) => 1
[PASS] test248.c (論理否定演算子 !) => 0
[PASS] test249.c (論理否定演算子 !) => 0
[PASS] test250.c (論理否定演算子 !) => 1
[PASS] test251.c (論理否定演算子 !) => 0
[PASS] test252.c (論理否定演算子 !) => 1
[PASS] test253.c (論理否定演算子 !) => 0
[PASS] test254.c (論理否定演算子 !) => 0
[PASS] test255.c (論理否定演算子 !) => 10
[PASS] test256.c (論理否定演算子 !) => 20
[PASS] test257.c (論理否定演算子 !) => 5
[PASS] test258.c (論理否定演算子 !) => 1
[PASS] test259.c (論理否定演算子 !) => 1
[PASS] test260.c (論理否定演算子 !) => 2
[PASS] test261.c (論理否定演算子 !) => 1
[PASS] test262.c (論理否定演算子 !) => 1
[PASS] test263.c (論理否定演算子 !) => 0
[PASS] test264.c (論理否定演算子 !) => 0
[PASS] test265.c (論理否定演算子 !) => 1
[PASS] test266.c (関数ごとのスコープ（同名ローカル変数）) => 30
[PASS] test267.c (関数ごとのスコープ（同名ローカル変数）) => 15
[PASS] test268.c (関数ごとのスコープ（同名ローカル変数）) => 6
[PASS] test269.c (関数ごとのスコープ（同名ローカル変数）) => 12
[PASS] test270.c (関数ごとのスコープ（同名ローカル変数）) => 42
[PASS] test271.c (関数ごとのスコープ（同名ローカル変数）) => 15
[PASS] test272.c (関数ごとのスコープ（同名ローカル変数）) => 24
[PASS] test273.c (関数ごとのスコープ（同名ローカル変数）) => 8
[PASS] test274.c (関数ごとのスコープ（同名ローカル変数）) => 55
[PASS] test275.c (グローバル変数とローカル変数の名前衝突) => 5
[PASS] test276.c (グローバル変数とローカル変数の名前衝突) => 100
[PASS] test277.c (グローバル変数とローカル変数の名前衝突) => 13
[PASS] test278.c (グローバル変数とローカル変数の名前衝突) => 42
[PASS] test279.c (グローバル変数とローカル変数の名前衝突) => 7
[PASS] test280.c (グローバル変数とローカル変数の名前衝突) => 50
[PASS] test281.c (グローバル変数とローカル変数の名前衝突) => 11
[PASS] test282.c (グローバル変数とローカル変数の名前衝突) => 20
[PASS] test283.c (グローバル変数とローカル変数の名前衝突) => 33
[PASS] test284.c (ブロックスコープ（外側参照 / スタック再利用 / ネスト）) => 42
[PASS] test285.c (ブロックスコープ（外側参照 / スタック再利用 / ネスト）) => 3
[PASS] test286.c (ブロックスコープ（外側参照 / スタック再利用 / ネスト）) => 9
[PASS] test287.c (ブロックスコープ（外側参照 / スタック再利用 / ネスト）) => 5
[PASS] test288.c (ブロックスコープ（外側参照 / スタック再利用 / ネスト）) => 10
[PASS] test289.c (ブロックスコープ（外側参照 / スタック再利用 / ネスト）) => 15
[PASS] test290.c (ブロックスコープ（外側参照 / スタック再利用 / ネスト）) => 5
[PASS] test291.c (シャドーイング（値の独立性）) => 3
[PASS] test292.c (シャドーイング（値の独立性）) => 100
[PASS] test293.c (シャドーイング（値の独立性）) => 13
[PASS] test294.c (シャドーイング（値の独立性）) => 21
[PASS] test295.c (シャドーイング（値の独立性）) => 9
[PASS] test296.c (シャドーイング（値の独立性）) => 42
[PASS] test297.c (シャドーイング（値の独立性）) => 12
[PASS] test298.c (シャドーイング（値の独立性）) => 10
[PASS] test299.c (シャドーイング（値の独立性）) => 15
[PASS] test300.c (シャドーイング（値の独立性）) => 7
[PASS] test301.c (ブロック内 return / ブロック外 return) => 42
[PASS] test302.c (ブロック内 return / ブロック外 return) => 7
[PASS] test303.c (ブロック内 return / ブロック外 return) => 10
[PASS] test304.c (ブロック内 return / ブロック外 return) => 2
[PASS] test305.c (ブロック内 return / ブロック外 return) => 5
[PASS] test306.c (ブロック内 return / ブロック外 return) => 5
[PASS] test307.c (ブロック内 return / ブロック外 return) => 10
[PASS] test308.c (ブロック内 return / ブロック外 return) => 3
[PASS] test309.c (ブロック内 return / ブロック外 return) => 4
[PASS] test310.c (ブロック内 return / ブロック外 return) => 3
[PASS] test311.c (ブロック内 return / ブロック外 return) => 30
[PASS] test312.c (ブロック内 return / ブロック外 return) => 3
[PASS] test313.c (ブロック内 return / ブロック外 return) => 99
[PASS] test314.c (ブロック内 return / ブロック外 return) => 1
[PASS] test315.c (ブロック内 return / ブロック外 return) => 8
[PASS] test316.c (ブロック内 return / ブロック外 return) => 55
[PASS] test317.c (ブロック内 return / ブロック外 return) => 77
[PASS] test318.c (構造体タグ定義) => 0
[PASS] test319.c (構造体タグ定義) => 0
[PASS] test320.c (構造体タグ定義) => 0
[PASS] test321.c (構造体タグ定義) => 0
[PASS] test322.c (構造体変数宣言) => 0
[PASS] test323.c (構造体変数宣言(複数メンバ)) => 0
[PASS] test324.c (構造体変数宣言(他の変数と共存)) => 0
[PASS] test325.c (構造体変数宣言(構造体の後にint変数)) => 100
[PASS] test326.c (for文初期化での構造体変数定義) => 0
[PASS] test327.c (for文の構造体変数とint変数の共存) => 3
[PASS] test328.c (for文の構造体変数がスコープ外に漏れないこと(シャドーイング)) => 10
[PASS] test329.c (構造体変数に対するsizeof(メンバ1つ)) => 4
[PASS] test330.c (構造体変数に対するsizeof(メンバ2つ)) => 8
[PASS] test331.c (構造体変数に対するsizeof(アラインメントによるパディング)) => 8

===================================================
結果: 331 / 332 成功
===================================================
